<?xml version="1.0" encoding="UTF-8"?>
<!-- Generated by org.testng.reporters.JUnitReportReporter -->
<testsuite skipped="0" hostname="TSQA-L077" name="testCases.api.PostsTest" tests="1" failures="0" timestamp="14 Jun 2020 08:07:11 GMT" time="20.497" errors="0">
  <testcase name="test" time="20.497" classname="testCases.api.PostsTest"/>
</testsuite> <!-- testCases.api.PostsTest -->
