<?xml version="1.0" encoding="UTF-8"?>
<!-- Generated by org.testng.reporters.JUnitReportReporter -->
<testsuite skipped="0" hostname="TSQA-L077" name="testCases.ui.CreateAndFilterTest" tests="2" failures="0" timestamp="14 Jun 2020 12:33:06 GMT" time="50.043" errors="0">
  <testcase name="merchante" time="29.283" classname="testCases.ui.CreateAndFilterTest"/>
  <testcase name="merchante" time="20.760" classname="testCases.ui.CreateAndFilterTest"/>
</testsuite> <!-- testCases.ui.CreateAndFilterTest -->
