<?xml version="1.0" encoding="UTF-8"?>
<!-- Generated by org.testng.reporters.JUnitReportReporter -->
<testsuite skipped="0" hostname="TSQA-L077" name="testCases.api.UsersTest" tests="1" failures="0" timestamp="14 Jun 2020 08:36:51 GMT" time="20.118" errors="0">
  <testcase name="test" time="20.118" classname="testCases.api.UsersTest"/>
</testsuite> <!-- testCases.api.UsersTest -->
