<?xml version="1.0" encoding="UTF-8"?>
<!-- Generated by org.testng.reporters.JUnitReportReporter -->
<testsuite skipped="0" hostname="TSQA-L077" name="testCases.ui.CreateAndFilterTest" tests="2" failures="0" timestamp="14 Jun 2020 14:51:59 GMT" time="48.503" errors="0">
  <testcase name="merchante" time="23.867" classname="testCases.ui.CreateAndFilterTest"/>
  <testcase name="merchante" time="24.636" classname="testCases.ui.CreateAndFilterTest"/>
</testsuite> <!-- testCases.ui.CreateAndFilterTest -->
