<?xml version="1.0" encoding="UTF-8"?>
<!-- Generated by org.testng.reporters.JUnitReportReporter -->
<testsuite skipped="0" hostname="TSQA-L077" name="testCases.api.PostsTest" tests="1" failures="0" timestamp="14 Jun 2020 14:51:59 GMT" time="2.830" errors="0">
  <testcase name="test" time="2.830" classname="testCases.api.PostsTest"/>
</testsuite> <!-- testCases.api.PostsTest -->
