<?xml version="1.0" encoding="UTF-8"?>
<!-- Generated by org.testng.reporters.JUnitReportReporter -->
<testsuite skipped="0" hostname="TSQA-L077" name="testCases.api.CommentsTest" tests="1" failures="0" timestamp="14 Jun 2020 14:51:59 GMT" time="4.289" errors="0">
  <testcase name="test" time="4.289" classname="testCases.api.CommentsTest"/>
</testsuite> <!-- testCases.api.CommentsTest -->
